The system is: Windows - 10.0.19045 - AMD64
Compiling the C compiler identification source file "CMakeCCompilerId.c" succeeded.
Compiler: D:/llvm-mingw-20230130-msvcrt-x86_64/bin/cc.exe 
Build flags: 
Id flags:  

The output was:
0


Compilation of the C compiler identification source "CMakeCCompilerId.c" produced "a.exe"

The C compiler identification is Clang, found in "D:/work/2026/0202_my_vmp/ElfEditor/build/CMakeFiles/3.18.1-g262b901-dirty/CompilerIdC/a.exe"

Compiling the CXX compiler identification source file "CMakeCXXCompilerId.cpp" succeeded.
Compiler: D:/llvm-mingw-20230130-msvcrt-x86_64/bin/c++.exe 
Build flags: 
Id flags:  

The output was:
0


Compilation of the CXX compiler identification source "CMakeCXXCompilerId.cpp" produced "a.exe"

The CXX compiler identification is Clang, found in "D:/work/2026/0202_my_vmp/ElfEditor/build/CMakeFiles/3.18.1-g262b901-dirty/CompilerIdCXX/a.exe"

Detecting C compiler ABI info compiled with the following output:
Change Dir: D:/work/2026/0202_my_vmp/ElfEditor/build/CMakeFiles/CMakeTmp

Run Build Command(s):C:/Users/lxz/AppData/Local/Android/Sdk/cmake/3.18.1/bin/ninja.exe cmTC_9e2d9 && [1/2] Building C object CMakeFiles/cmTC_9e2d9.dir/CMakeCCompilerABI.c.obj

clang version 16.0.0 (https://github.com/llvm/llvm-project.git 124f90bd89b97066e01274a9bba1068f3a175d66)

Target: x86_64-w64-windows-gnu

Thread model: posix

InstalledDir: D:/llvm-mingw-20230130-msvcrt-x86_64/bin

 (in-process)

 "D:/llvm-mingw-20230130-msvcrt-x86_64/bin/clang-16.exe" -cc1 -triple x86_64-w64-windows-gnu -emit-obj -mrelax-all -disable-free -clear-ast-before-backend -disable-llvm-verifier -discard-value-names -main-file-name CMakeCCompilerABI.c -mrelocation-model pic -pic-level 2 -mframe-pointer=none -fmath-errno -ffp-contract=on -fno-rounding-math -mconstructor-aliases -mms-bitfields -funwind-tables=2 -target-cpu x86-64 -tune-cpu generic -mllvm -treat-scalable-fixed-error-as-warning -debugger-tuning=gdb -v -fcoverage-compilation-dir=D:/work/2026/0202_my_vmp/ElfEditor/build/CMakeFiles/CMakeTmp -resource-dir D:/llvm-mingw-20230130-msvcrt-x86_64/lib/clang/16 -dependency-file "CMakeFiles\\cmTC_9e2d9.dir\\CMakeCCompilerABI.c.obj.d" -MT CMakeFiles/cmTC_9e2d9.dir/CMakeCCompilerABI.c.obj -sys-header-deps -internal-isystem D:/llvm-mingw-20230130-msvcrt-x86_64/lib/clang/16/include -internal-isystem D:/llvm-mingw-20230130-msvcrt-x86_64/x86_64-w64-mingw32/include -internal-isystem D:/llvm-mingw-20230130-msvcrt-x86_64/x86_64-w64-mingw32/usr/include -internal-isystem D:/llvm-mingw-20230130-msvcrt-x86_64/include -fdebug-compilation-dir=D:/work/2026/0202_my_vmp/ElfEditor/build/CMakeFiles/CMakeTmp -ferror-limit 19 -fno-use-cxa-atexit -fgnuc-version=4.2.1 -exception-model=seh -faddrsig -o CMakeFiles/cmTC_9e2d9.dir/CMakeCCompilerABI.c.obj -x c C:/Users/lxz/AppData/Local/Android/Sdk/cmake/3.18.1/share/cmake-3.18/Modules/CMakeCCompilerABI.c

clang -cc1 version 16.0.0 based upon LLVM 16.0.0 default target x86_64-w64-mingw32

ignoring nonexistent directory "D:/llvm-mingw-20230130-msvcrt-x86_64/x86_64-w64-mingw32/include"

ignoring nonexistent directory "D:/llvm-mingw-20230130-msvcrt-x86_64/x86_64-w64-mingw32/usr/include"

#include "..." search starts here:

#include <...> search starts here:

 D:/llvm-mingw-20230130-msvcrt-x86_64/lib/clang/16/include

 D:/llvm-mingw-20230130-msvcrt-x86_64/include

End of search list.

[2/2] Linking C executable cmTC_9e2d9.exe

clang version 16.0.0 (https://github.com/llvm/llvm-project.git 124f90bd89b97066e01274a9bba1068f3a175d66)

Target: x86_64-w64-windows-gnu

Thread model: posix

InstalledDir: D:/llvm-mingw-20230130-msvcrt-x86_64/bin

 "D:/llvm-mingw-20230130-msvcrt-x86_64/bin/ld.lld" -m i386pep -Bdynamic -o cmTC_9e2d9.exe D:/llvm-mingw-20230130-msvcrt-x86_64/x86_64-w64-mingw32/lib/crt2.o D:/llvm-mingw-20230130-msvcrt-x86_64/x86_64-w64-mingw32/lib/crtbegin.o -LD:/llvm-mingw-20230130-msvcrt-x86_64/x86_64-w64-mingw32/lib -LD:/llvm-mingw-20230130-msvcrt-x86_64/x86_64-w64-mingw32/mingw/lib -LD:/llvm-mingw-20230130-msvcrt-x86_64/lib -LD:/llvm-mingw-20230130-msvcrt-x86_64/lib/clang/16/lib/windows CMakeFiles/cmTC_9e2d9.dir/CMakeCCompilerABI.c.obj --out-implib libcmTC_9e2d9.dll.a --major-image-version 0 --minor-image-version 0 -lmingw32 D:/llvm-mingw-20230130-msvcrt-x86_64/lib/clang/16/lib/windows/libclang_rt.builtins-x86_64.a -lunwind -lmoldname -lmingwex -lmsvcrt -ladvapi32 -lshell32 -luser32 -lkernel32 -lmingw32 D:/llvm-mingw-20230130-msvcrt-x86_64/lib/clang/16/lib/windows/libclang_rt.builtins-x86_64.a -lunwind -lmoldname -lmingwex -lmsvcrt -lkernel32 D:/llvm-mingw-20230130-msvcrt-x86_64/x86_64-w64-mingw32/lib/crtend.o




Parsed C implicit include dir info from above output: rv=done
  found start of include info
  found start of implicit include info
    add: [D:/llvm-mingw-20230130-msvcrt-x86_64/lib/clang/16/include]
    add: [D:/llvm-mingw-20230130-msvcrt-x86_64/include]
  end of search list found
  collapse include dir [D:/llvm-mingw-20230130-msvcrt-x86_64/lib/clang/16/include] ==> [D:/llvm-mingw-20230130-msvcrt-x86_64/lib/clang/16/include]
  collapse include dir [D:/llvm-mingw-20230130-msvcrt-x86_64/include] ==> [D:/llvm-mingw-20230130-msvcrt-x86_64/include]
  implicit include dirs: [D:/llvm-mingw-20230130-msvcrt-x86_64/lib/clang/16/include;D:/llvm-mingw-20230130-msvcrt-x86_64/include]


Parsed C implicit link information from above output:
  link line regex: [^( *|.*[/\])(ld|CMAKE_LINK_STARTFILE-NOTFOUND|([^/\]+-)?ld|collect2)[^/\]*( |$)]
  ignore line: [Change Dir: D:/work/2026/0202_my_vmp/ElfEditor/build/CMakeFiles/CMakeTmp]
  ignore line: []
  ignore line: [Run Build Command(s):C:/Users/lxz/AppData/Local/Android/Sdk/cmake/3.18.1/bin/ninja.exe cmTC_9e2d9 && [1/2] Building C object CMakeFiles/cmTC_9e2d9.dir/CMakeCCompilerABI.c.obj]
  ignore line: [clang version 16.0.0 (https://github.com/llvm/llvm-project.git 124f90bd89b97066e01274a9bba1068f3a175d66)]
  ignore line: [Target: x86_64-w64-windows-gnu]
  ignore line: [Thread model: posix]
  ignore line: [InstalledDir: D:/llvm-mingw-20230130-msvcrt-x86_64/bin]
  ignore line: [ (in-process)]
  ignore line: [ "D:/llvm-mingw-20230130-msvcrt-x86_64/bin/clang-16.exe" -cc1 -triple x86_64-w64-windows-gnu -emit-obj -mrelax-all -disable-free -clear-ast-before-backend -disable-llvm-verifier -discard-value-names -main-file-name CMakeCCompilerABI.c -mrelocation-model pic -pic-level 2 -mframe-pointer=none -fmath-errno -ffp-contract=on -fno-rounding-math -mconstructor-aliases -mms-bitfields -funwind-tables=2 -target-cpu x86-64 -tune-cpu generic -mllvm -treat-scalable-fixed-error-as-warning -debugger-tuning=gdb -v -fcoverage-compilation-dir=D:/work/2026/0202_my_vmp/ElfEditor/build/CMakeFiles/CMakeTmp -resource-dir D:/llvm-mingw-20230130-msvcrt-x86_64/lib/clang/16 -dependency-file "CMakeFiles\\cmTC_9e2d9.dir\\CMakeCCompilerABI.c.obj.d" -MT CMakeFiles/cmTC_9e2d9.dir/CMakeCCompilerABI.c.obj -sys-header-deps -internal-isystem D:/llvm-mingw-20230130-msvcrt-x86_64/lib/clang/16/include -internal-isystem D:/llvm-mingw-20230130-msvcrt-x86_64/x86_64-w64-mingw32/include -internal-isystem D:/llvm-mingw-20230130-msvcrt-x86_64/x86_64-w64-mingw32/usr/include -internal-isystem D:/llvm-mingw-20230130-msvcrt-x86_64/include -fdebug-compilation-dir=D:/work/2026/0202_my_vmp/ElfEditor/build/CMakeFiles/CMakeTmp -ferror-limit 19 -fno-use-cxa-atexit -fgnuc-version=4.2.1 -exception-model=seh -faddrsig -o CMakeFiles/cmTC_9e2d9.dir/CMakeCCompilerABI.c.obj -x c C:/Users/lxz/AppData/Local/Android/Sdk/cmake/3.18.1/share/cmake-3.18/Modules/CMakeCCompilerABI.c]
  ignore line: [clang -cc1 version 16.0.0 based upon LLVM 16.0.0 default target x86_64-w64-mingw32]
  ignore line: [ignoring nonexistent directory "D:/llvm-mingw-20230130-msvcrt-x86_64/x86_64-w64-mingw32/include"]
  ignore line: [ignoring nonexistent directory "D:/llvm-mingw-20230130-msvcrt-x86_64/x86_64-w64-mingw32/usr/include"]
  ignore line: [#include "..." search starts here:]
  ignore line: [#include <...> search starts here:]
  ignore line: [ D:/llvm-mingw-20230130-msvcrt-x86_64/lib/clang/16/include]
  ignore line: [ D:/llvm-mingw-20230130-msvcrt-x86_64/include]
  ignore line: [End of search list.]
  ignore line: [[2/2] Linking C executable cmTC_9e2d9.exe]
  ignore line: [clang version 16.0.0 (https://github.com/llvm/llvm-project.git 124f90bd89b97066e01274a9bba1068f3a175d66)]
  ignore line: [Target: x86_64-w64-windows-gnu]
  ignore line: [Thread model: posix]
  ignore line: [InstalledDir: D:/llvm-mingw-20230130-msvcrt-x86_64/bin]
  link line: [ "D:/llvm-mingw-20230130-msvcrt-x86_64/bin/ld.lld" -m i386pep -Bdynamic -o cmTC_9e2d9.exe D:/llvm-mingw-20230130-msvcrt-x86_64/x86_64-w64-mingw32/lib/crt2.o D:/llvm-mingw-20230130-msvcrt-x86_64/x86_64-w64-mingw32/lib/crtbegin.o -LD:/llvm-mingw-20230130-msvcrt-x86_64/x86_64-w64-mingw32/lib -LD:/llvm-mingw-20230130-msvcrt-x86_64/x86_64-w64-mingw32/mingw/lib -LD:/llvm-mingw-20230130-msvcrt-x86_64/lib -LD:/llvm-mingw-20230130-msvcrt-x86_64/lib/clang/16/lib/windows CMakeFiles/cmTC_9e2d9.dir/CMakeCCompilerABI.c.obj --out-implib libcmTC_9e2d9.dll.a --major-image-version 0 --minor-image-version 0 -lmingw32 D:/llvm-mingw-20230130-msvcrt-x86_64/lib/clang/16/lib/windows/libclang_rt.builtins-x86_64.a -lunwind -lmoldname -lmingwex -lmsvcrt -ladvapi32 -lshell32 -luser32 -lkernel32 -lmingw32 D:/llvm-mingw-20230130-msvcrt-x86_64/lib/clang/16/lib/windows/libclang_rt.builtins-x86_64.a -lunwind -lmoldname -lmingwex -lmsvcrt -lkernel32 D:/llvm-mingw-20230130-msvcrt-x86_64/x86_64-w64-mingw32/lib/crtend.o]
    arg [D:/llvm-mingw-20230130-msvcrt-x86_64/bin/ld.lld] ==> ignore
    arg [-m] ==> ignore
    arg [i386pep] ==> ignore
    arg [-Bdynamic] ==> ignore
    arg [-o] ==> ignore
    arg [cmTC_9e2d9.exe] ==> ignore
    arg [D:/llvm-mingw-20230130-msvcrt-x86_64/x86_64-w64-mingw32/lib/crt2.o] ==> ignore
    arg [D:/llvm-mingw-20230130-msvcrt-x86_64/x86_64-w64-mingw32/lib/crtbegin.o] ==> ignore
    arg [-LD:/llvm-mingw-20230130-msvcrt-x86_64/x86_64-w64-mingw32/lib] ==> dir [D:/llvm-mingw-20230130-msvcrt-x86_64/x86_64-w64-mingw32/lib]
    arg [-LD:/llvm-mingw-20230130-msvcrt-x86_64/x86_64-w64-mingw32/mingw/lib] ==> dir [D:/llvm-mingw-20230130-msvcrt-x86_64/x86_64-w64-mingw32/mingw/lib]
    arg [-LD:/llvm-mingw-20230130-msvcrt-x86_64/lib] ==> dir [D:/llvm-mingw-20230130-msvcrt-x86_64/lib]
    arg [-LD:/llvm-mingw-20230130-msvcrt-x86_64/lib/clang/16/lib/windows] ==> dir [D:/llvm-mingw-20230130-msvcrt-x86_64/lib/clang/16/lib/windows]
    arg [CMakeFiles/cmTC_9e2d9.dir/CMakeCCompilerABI.c.obj] ==> ignore
    arg [--out-implib] ==> ignore
    arg [libcmTC_9e2d9.dll.a] ==> ignore
    arg [--major-image-version] ==> ignore
    arg [0] ==> ignore
    arg [--minor-image-version] ==> ignore
    arg [0] ==> ignore
    arg [-lmingw32] ==> lib [mingw32]
    arg [D:/llvm-mingw-20230130-msvcrt-x86_64/lib/clang/16/lib/windows/libclang_rt.builtins-x86_64.a] ==> lib [D:/llvm-mingw-20230130-msvcrt-x86_64/lib/clang/16/lib/windows/libclang_rt.builtins-x86_64.a]
    arg [-lunwind] ==> lib [unwind]
    arg [-lmoldname] ==> lib [moldname]
    arg [-lmingwex] ==> lib [mingwex]
    arg [-lmsvcrt] ==> lib [msvcrt]
    arg [-ladvapi32] ==> lib [advapi32]
    arg [-lshell32] ==> lib [shell32]
    arg [-luser32] ==> lib [user32]
    arg [-lkernel32] ==> lib [kernel32]
    arg [-lmingw32] ==> lib [mingw32]
    arg [D:/llvm-mingw-20230130-msvcrt-x86_64/lib/clang/16/lib/windows/libclang_rt.builtins-x86_64.a] ==> lib [D:/llvm-mingw-20230130-msvcrt-x86_64/lib/clang/16/lib/windows/libclang_rt.builtins-x86_64.a]
    arg [-lunwind] ==> lib [unwind]
    arg [-lmoldname] ==> lib [moldname]
    arg [-lmingwex] ==> lib [mingwex]
    arg [-lmsvcrt] ==> lib [msvcrt]
    arg [-lkernel32] ==> lib [kernel32]
    arg [D:/llvm-mingw-20230130-msvcrt-x86_64/x86_64-w64-mingw32/lib/crtend.o] ==> ignore
  remove lib [D:/llvm-mingw-20230130-msvcrt-x86_64/lib/clang/16/lib/windows/libclang_rt.builtins-x86_64.a]
  remove lib [msvcrt]
  remove lib [D:/llvm-mingw-20230130-msvcrt-x86_64/lib/clang/16/lib/windows/libclang_rt.builtins-x86_64.a]
  remove lib [msvcrt]
  collapse library dir [D:/llvm-mingw-20230130-msvcrt-x86_64/x86_64-w64-mingw32/lib] ==> [D:/llvm-mingw-20230130-msvcrt-x86_64/x86_64-w64-mingw32/lib]
  collapse library dir [D:/llvm-mingw-20230130-msvcrt-x86_64/x86_64-w64-mingw32/mingw/lib] ==> [D:/llvm-mingw-20230130-msvcrt-x86_64/x86_64-w64-mingw32/mingw/lib]
  collapse library dir [D:/llvm-mingw-20230130-msvcrt-x86_64/lib] ==> [D:/llvm-mingw-20230130-msvcrt-x86_64/lib]
  collapse library dir [D:/llvm-mingw-20230130-msvcrt-x86_64/lib/clang/16/lib/windows] ==> [D:/llvm-mingw-20230130-msvcrt-x86_64/lib/clang/16/lib/windows]
  implicit libs: [mingw32;unwind;moldname;mingwex;advapi32;shell32;user32;kernel32;mingw32;unwind;moldname;mingwex;kernel32]
  implicit dirs: [D:/llvm-mingw-20230130-msvcrt-x86_64/x86_64-w64-mingw32/lib;D:/llvm-mingw-20230130-msvcrt-x86_64/x86_64-w64-mingw32/mingw/lib;D:/llvm-mingw-20230130-msvcrt-x86_64/lib;D:/llvm-mingw-20230130-msvcrt-x86_64/lib/clang/16/lib/windows]
  implicit fwks: []


Detecting CXX compiler ABI info compiled with the following output:
Change Dir: D:/work/2026/0202_my_vmp/ElfEditor/build/CMakeFiles/CMakeTmp

Run Build Command(s):C:/Users/lxz/AppData/Local/Android/Sdk/cmake/3.18.1/bin/ninja.exe cmTC_ba2ad && [1/2] Building CXX object CMakeFiles/cmTC_ba2ad.dir/CMakeCXXCompilerABI.cpp.obj

clang version 16.0.0 (https://github.com/llvm/llvm-project.git 124f90bd89b97066e01274a9bba1068f3a175d66)

Target: x86_64-w64-windows-gnu

Thread model: posix

InstalledDir: D:/llvm-mingw-20230130-msvcrt-x86_64/bin

 (in-process)

 "D:/llvm-mingw-20230130-msvcrt-x86_64/bin/clang-16.exe" -cc1 -triple x86_64-w64-windows-gnu -emit-obj -mrelax-all -disable-free -clear-ast-before-backend -disable-llvm-verifier -discard-value-names -main-file-name CMakeCXXCompilerABI.cpp -mrelocation-model pic -pic-level 2 -mframe-pointer=none -fmath-errno -ffp-contract=on -fno-rounding-math -mconstructor-aliases -mms-bitfields -funwind-tables=2 -target-cpu x86-64 -tune-cpu generic -mllvm -treat-scalable-fixed-error-as-warning -debugger-tuning=gdb -v -fcoverage-compilation-dir=D:/work/2026/0202_my_vmp/ElfEditor/build/CMakeFiles/CMakeTmp -resource-dir D:/llvm-mingw-20230130-msvcrt-x86_64/lib/clang/16 -dependency-file "CMakeFiles\\cmTC_ba2ad.dir\\CMakeCXXCompilerABI.cpp.obj.d" -MT CMakeFiles/cmTC_ba2ad.dir/CMakeCXXCompilerABI.cpp.obj -sys-header-deps -internal-isystem D:/llvm-mingw-20230130-msvcrt-x86_64/x86_64-w64-mingw32/include/c++/v1 -internal-isystem D:/llvm-mingw-20230130-msvcrt-x86_64/include/c++/v1 -internal-isystem D:/llvm-mingw-20230130-msvcrt-x86_64/lib/clang/16/include -internal-isystem D:/llvm-mingw-20230130-msvcrt-x86_64/x86_64-w64-mingw32/include -internal-isystem D:/llvm-mingw-20230130-msvcrt-x86_64/x86_64-w64-mingw32/usr/include -internal-isystem D:/llvm-mingw-20230130-msvcrt-x86_64/include -fdeprecated-macro -fdebug-compilation-dir=D:/work/2026/0202_my_vmp/ElfEditor/build/CMakeFiles/CMakeTmp -ferror-limit 19 -fno-use-cxa-atexit -fgnuc-version=4.2.1 -fcxx-exceptions -fexceptions -exception-model=seh -faddrsig -o CMakeFiles/cmTC_ba2ad.dir/CMakeCXXCompilerABI.cpp.obj -x c++ C:/Users/lxz/AppData/Local/Android/Sdk/cmake/3.18.1/share/cmake-3.18/Modules/CMakeCXXCompilerABI.cpp

clang -cc1 version 16.0.0 based upon LLVM 16.0.0 default target x86_64-w64-mingw32

ignoring nonexistent directory "D:/llvm-mingw-20230130-msvcrt-x86_64/x86_64-w64-mingw32/include/c++/v1"

ignoring nonexistent directory "D:/llvm-mingw-20230130-msvcrt-x86_64/x86_64-w64-mingw32/include"

ignoring nonexistent directory "D:/llvm-mingw-20230130-msvcrt-x86_64/x86_64-w64-mingw32/usr/include"

#include "..." search starts here:

#include <...> search starts here:

 D:/llvm-mingw-20230130-msvcrt-x86_64/include/c++/v1

 D:/llvm-mingw-20230130-msvcrt-x86_64/lib/clang/16/include

 D:/llvm-mingw-20230130-msvcrt-x86_64/include

End of search list.

[2/2] Linking CXX executable cmTC_ba2ad.exe

clang version 16.0.0 (https://github.com/llvm/llvm-project.git 124f90bd89b97066e01274a9bba1068f3a175d66)

Target: x86_64-w64-windows-gnu

Thread model: posix

InstalledDir: D:/llvm-mingw-20230130-msvcrt-x86_64/bin

 "D:/llvm-mingw-20230130-msvcrt-x86_64/bin/ld.lld" -m i386pep -Bdynamic -o cmTC_ba2ad.exe D:/llvm-mingw-20230130-msvcrt-x86_64/x86_64-w64-mingw32/lib/crt2.o D:/llvm-mingw-20230130-msvcrt-x86_64/x86_64-w64-mingw32/lib/crtbegin.o -LD:/llvm-mingw-20230130-msvcrt-x86_64/x86_64-w64-mingw32/lib -LD:/llvm-mingw-20230130-msvcrt-x86_64/x86_64-w64-mingw32/mingw/lib -LD:/llvm-mingw-20230130-msvcrt-x86_64/lib -LD:/llvm-mingw-20230130-msvcrt-x86_64/lib/clang/16/lib/windows CMakeFiles/cmTC_ba2ad.dir/CMakeCXXCompilerABI.cpp.obj --out-implib libcmTC_ba2ad.dll.a --major-image-version 0 --minor-image-version 0 -lc++ -lmingw32 D:/llvm-mingw-20230130-msvcrt-x86_64/lib/clang/16/lib/windows/libclang_rt.builtins-x86_64.a -lunwind -lmoldname -lmingwex -lmsvcrt -ladvapi32 -lshell32 -luser32 -lkernel32 -lmingw32 D:/llvm-mingw-20230130-msvcrt-x86_64/lib/clang/16/lib/windows/libclang_rt.builtins-x86_64.a -lunwind -lmoldname -lmingwex -lmsvcrt -lkernel32 D:/llvm-mingw-20230130-msvcrt-x86_64/x86_64-w64-mingw32/lib/crtend.o




Parsed CXX implicit include dir info from above output: rv=done
  found start of include info
  found start of implicit include info
    add: [D:/llvm-mingw-20230130-msvcrt-x86_64/include/c++/v1]
    add: [D:/llvm-mingw-20230130-msvcrt-x86_64/lib/clang/16/include]
    add: [D:/llvm-mingw-20230130-msvcrt-x86_64/include]
  end of search list found
  collapse include dir [D:/llvm-mingw-20230130-msvcrt-x86_64/include/c++/v1] ==> [D:/llvm-mingw-20230130-msvcrt-x86_64/include/c++/v1]
  collapse include dir [D:/llvm-mingw-20230130-msvcrt-x86_64/lib/clang/16/include] ==> [D:/llvm-mingw-20230130-msvcrt-x86_64/lib/clang/16/include]
  collapse include dir [D:/llvm-mingw-20230130-msvcrt-x86_64/include] ==> [D:/llvm-mingw-20230130-msvcrt-x86_64/include]
  implicit include dirs: [D:/llvm-mingw-20230130-msvcrt-x86_64/include/c++/v1;D:/llvm-mingw-20230130-msvcrt-x86_64/lib/clang/16/include;D:/llvm-mingw-20230130-msvcrt-x86_64/include]


Parsed CXX implicit link information from above output:
  link line regex: [^( *|.*[/\])(ld|CMAKE_LINK_STARTFILE-NOTFOUND|([^/\]+-)?ld|collect2)[^/\]*( |$)]
  ignore line: [Change Dir: D:/work/2026/0202_my_vmp/ElfEditor/build/CMakeFiles/CMakeTmp]
  ignore line: []
  ignore line: [Run Build Command(s):C:/Users/lxz/AppData/Local/Android/Sdk/cmake/3.18.1/bin/ninja.exe cmTC_ba2ad && [1/2] Building CXX object CMakeFiles/cmTC_ba2ad.dir/CMakeCXXCompilerABI.cpp.obj]
  ignore line: [clang version 16.0.0 (https://github.com/llvm/llvm-project.git 124f90bd89b97066e01274a9bba1068f3a175d66)]
  ignore line: [Target: x86_64-w64-windows-gnu]
  ignore line: [Thread model: posix]
  ignore line: [InstalledDir: D:/llvm-mingw-20230130-msvcrt-x86_64/bin]
  ignore line: [ (in-process)]
  ignore line: [ "D:/llvm-mingw-20230130-msvcrt-x86_64/bin/clang-16.exe" -cc1 -triple x86_64-w64-windows-gnu -emit-obj -mrelax-all -disable-free -clear-ast-before-backend -disable-llvm-verifier -discard-value-names -main-file-name CMakeCXXCompilerABI.cpp -mrelocation-model pic -pic-level 2 -mframe-pointer=none -fmath-errno -ffp-contract=on -fno-rounding-math -mconstructor-aliases -mms-bitfields -funwind-tables=2 -target-cpu x86-64 -tune-cpu generic -mllvm -treat-scalable-fixed-error-as-warning -debugger-tuning=gdb -v -fcoverage-compilation-dir=D:/work/2026/0202_my_vmp/ElfEditor/build/CMakeFiles/CMakeTmp -resource-dir D:/llvm-mingw-20230130-msvcrt-x86_64/lib/clang/16 -dependency-file "CMakeFiles\\cmTC_ba2ad.dir\\CMakeCXXCompilerABI.cpp.obj.d" -MT CMakeFiles/cmTC_ba2ad.dir/CMakeCXXCompilerABI.cpp.obj -sys-header-deps -internal-isystem D:/llvm-mingw-20230130-msvcrt-x86_64/x86_64-w64-mingw32/include/c++/v1 -internal-isystem D:/llvm-mingw-20230130-msvcrt-x86_64/include/c++/v1 -internal-isystem D:/llvm-mingw-20230130-msvcrt-x86_64/lib/clang/16/include -internal-isystem D:/llvm-mingw-20230130-msvcrt-x86_64/x86_64-w64-mingw32/include -internal-isystem D:/llvm-mingw-20230130-msvcrt-x86_64/x86_64-w64-mingw32/usr/include -internal-isystem D:/llvm-mingw-20230130-msvcrt-x86_64/include -fdeprecated-macro -fdebug-compilation-dir=D:/work/2026/0202_my_vmp/ElfEditor/build/CMakeFiles/CMakeTmp -ferror-limit 19 -fno-use-cxa-atexit -fgnuc-version=4.2.1 -fcxx-exceptions -fexceptions -exception-model=seh -faddrsig -o CMakeFiles/cmTC_ba2ad.dir/CMakeCXXCompilerABI.cpp.obj -x c++ C:/Users/lxz/AppData/Local/Android/Sdk/cmake/3.18.1/share/cmake-3.18/Modules/CMakeCXXCompilerABI.cpp]
  ignore line: [clang -cc1 version 16.0.0 based upon LLVM 16.0.0 default target x86_64-w64-mingw32]
  ignore line: [ignoring nonexistent directory "D:/llvm-mingw-20230130-msvcrt-x86_64/x86_64-w64-mingw32/include/c++/v1"]
  ignore line: [ignoring nonexistent directory "D:/llvm-mingw-20230130-msvcrt-x86_64/x86_64-w64-mingw32/include"]
  ignore line: [ignoring nonexistent directory "D:/llvm-mingw-20230130-msvcrt-x86_64/x86_64-w64-mingw32/usr/include"]
  ignore line: [#include "..." search starts here:]
  ignore line: [#include <...> search starts here:]
  ignore line: [ D:/llvm-mingw-20230130-msvcrt-x86_64/include/c++/v1]
  ignore line: [ D:/llvm-mingw-20230130-msvcrt-x86_64/lib/clang/16/include]
  ignore line: [ D:/llvm-mingw-20230130-msvcrt-x86_64/include]
  ignore line: [End of search list.]
  ignore line: [[2/2] Linking CXX executable cmTC_ba2ad.exe]
  ignore line: [clang version 16.0.0 (https://github.com/llvm/llvm-project.git 124f90bd89b97066e01274a9bba1068f3a175d66)]
  ignore line: [Target: x86_64-w64-windows-gnu]
  ignore line: [Thread model: posix]
  ignore line: [InstalledDir: D:/llvm-mingw-20230130-msvcrt-x86_64/bin]
  link line: [ "D:/llvm-mingw-20230130-msvcrt-x86_64/bin/ld.lld" -m i386pep -Bdynamic -o cmTC_ba2ad.exe D:/llvm-mingw-20230130-msvcrt-x86_64/x86_64-w64-mingw32/lib/crt2.o D:/llvm-mingw-20230130-msvcrt-x86_64/x86_64-w64-mingw32/lib/crtbegin.o -LD:/llvm-mingw-20230130-msvcrt-x86_64/x86_64-w64-mingw32/lib -LD:/llvm-mingw-20230130-msvcrt-x86_64/x86_64-w64-mingw32/mingw/lib -LD:/llvm-mingw-20230130-msvcrt-x86_64/lib -LD:/llvm-mingw-20230130-msvcrt-x86_64/lib/clang/16/lib/windows CMakeFiles/cmTC_ba2ad.dir/CMakeCXXCompilerABI.cpp.obj --out-implib libcmTC_ba2ad.dll.a --major-image-version 0 --minor-image-version 0 -lc++ -lmingw32 D:/llvm-mingw-20230130-msvcrt-x86_64/lib/clang/16/lib/windows/libclang_rt.builtins-x86_64.a -lunwind -lmoldname -lmingwex -lmsvcrt -ladvapi32 -lshell32 -luser32 -lkernel32 -lmingw32 D:/llvm-mingw-20230130-msvcrt-x86_64/lib/clang/16/lib/windows/libclang_rt.builtins-x86_64.a -lunwind -lmoldname -lmingwex -lmsvcrt -lkernel32 D:/llvm-mingw-20230130-msvcrt-x86_64/x86_64-w64-mingw32/lib/crtend.o]
    arg [D:/llvm-mingw-20230130-msvcrt-x86_64/bin/ld.lld] ==> ignore
    arg [-m] ==> ignore
    arg [i386pep] ==> ignore
    arg [-Bdynamic] ==> ignore
    arg [-o] ==> ignore
    arg [cmTC_ba2ad.exe] ==> ignore
    arg [D:/llvm-mingw-20230130-msvcrt-x86_64/x86_64-w64-mingw32/lib/crt2.o] ==> ignore
    arg [D:/llvm-mingw-20230130-msvcrt-x86_64/x86_64-w64-mingw32/lib/crtbegin.o] ==> ignore
    arg [-LD:/llvm-mingw-20230130-msvcrt-x86_64/x86_64-w64-mingw32/lib] ==> dir [D:/llvm-mingw-20230130-msvcrt-x86_64/x86_64-w64-mingw32/lib]
    arg [-LD:/llvm-mingw-20230130-msvcrt-x86_64/x86_64-w64-mingw32/mingw/lib] ==> dir [D:/llvm-mingw-20230130-msvcrt-x86_64/x86_64-w64-mingw32/mingw/lib]
    arg [-LD:/llvm-mingw-20230130-msvcrt-x86_64/lib] ==> dir [D:/llvm-mingw-20230130-msvcrt-x86_64/lib]
    arg [-LD:/llvm-mingw-20230130-msvcrt-x86_64/lib/clang/16/lib/windows] ==> dir [D:/llvm-mingw-20230130-msvcrt-x86_64/lib/clang/16/lib/windows]
    arg [CMakeFiles/cmTC_ba2ad.dir/CMakeCXXCompilerABI.cpp.obj] ==> ignore
    arg [--out-implib] ==> ignore
    arg [libcmTC_ba2ad.dll.a] ==> ignore
    arg [--major-image-version] ==> ignore
    arg [0] ==> ignore
    arg [--minor-image-version] ==> ignore
    arg [0] ==> ignore
    arg [-lc++] ==> lib [c++]
    arg [-lmingw32] ==> lib [mingw32]
    arg [D:/llvm-mingw-20230130-msvcrt-x86_64/lib/clang/16/lib/windows/libclang_rt.builtins-x86_64.a] ==> lib [D:/llvm-mingw-20230130-msvcrt-x86_64/lib/clang/16/lib/windows/libclang_rt.builtins-x86_64.a]
    arg [-lunwind] ==> lib [unwind]
    arg [-lmoldname] ==> lib [moldname]
    arg [-lmingwex] ==> lib [mingwex]
    arg [-lmsvcrt] ==> lib [msvcrt]
    arg [-ladvapi32] ==> lib [advapi32]
    arg [-lshell32] ==> lib [shell32]
    arg [-luser32] ==> lib [user32]
    arg [-lkernel32] ==> lib [kernel32]
    arg [-lmingw32] ==> lib [mingw32]
    arg [D:/llvm-mingw-20230130-msvcrt-x86_64/lib/clang/16/lib/windows/libclang_rt.builtins-x86_64.a] ==> lib [D:/llvm-mingw-20230130-msvcrt-x86_64/lib/clang/16/lib/windows/libclang_rt.builtins-x86_64.a]
    arg [-lunwind] ==> lib [unwind]
    arg [-lmoldname] ==> lib [moldname]
    arg [-lmingwex] ==> lib [mingwex]
    arg [-lmsvcrt] ==> lib [msvcrt]
    arg [-lkernel32] ==> lib [kernel32]
    arg [D:/llvm-mingw-20230130-msvcrt-x86_64/x86_64-w64-mingw32/lib/crtend.o] ==> ignore
  remove lib [D:/llvm-mingw-20230130-msvcrt-x86_64/lib/clang/16/lib/windows/libclang_rt.builtins-x86_64.a]
  remove lib [msvcrt]
  remove lib [D:/llvm-mingw-20230130-msvcrt-x86_64/lib/clang/16/lib/windows/libclang_rt.builtins-x86_64.a]
  remove lib [msvcrt]
  collapse library dir [D:/llvm-mingw-20230130-msvcrt-x86_64/x86_64-w64-mingw32/lib] ==> [D:/llvm-mingw-20230130-msvcrt-x86_64/x86_64-w64-mingw32/lib]
  collapse library dir [D:/llvm-mingw-20230130-msvcrt-x86_64/x86_64-w64-mingw32/mingw/lib] ==> [D:/llvm-mingw-20230130-msvcrt-x86_64/x86_64-w64-mingw32/mingw/lib]
  collapse library dir [D:/llvm-mingw-20230130-msvcrt-x86_64/lib] ==> [D:/llvm-mingw-20230130-msvcrt-x86_64/lib]
  collapse library dir [D:/llvm-mingw-20230130-msvcrt-x86_64/lib/clang/16/lib/windows] ==> [D:/llvm-mingw-20230130-msvcrt-x86_64/lib/clang/16/lib/windows]
  implicit libs: [c++;mingw32;unwind;moldname;mingwex;advapi32;shell32;user32;kernel32;mingw32;unwind;moldname;mingwex;kernel32]
  implicit dirs: [D:/llvm-mingw-20230130-msvcrt-x86_64/x86_64-w64-mingw32/lib;D:/llvm-mingw-20230130-msvcrt-x86_64/x86_64-w64-mingw32/mingw/lib;D:/llvm-mingw-20230130-msvcrt-x86_64/lib;D:/llvm-mingw-20230130-msvcrt-x86_64/lib/clang/16/lib/windows]
  implicit fwks: []


